<?xml version="1.0" encoding="UTF-8"?>
<!-- Generated by org.testng.reporters.JUnitXMLReporter -->
<testsuite hostname="CNJ-SAKHTE5JUO8" name="SmokeScenario" tests="2" failures="2" timestamp="13 Jun 2016 16:12:37 GMT" time="10.316" errors="0">
  <testcase name="testHomePage" time="0.113" classname="testcases.VerifyLoginPage">
    <failure type="java.lang.AssertionError" message="expected [true] but found [false]">
      <![CDATA[java.lang.AssertionError: expected [true] but found [false]
	at testcases.VerifyLoginPage.testHomePage(VerifyLoginPage.java:37)
... Removed 28 stack frames]]>
    </failure>
  </testcase> <!-- testHomePage -->
  <testcase name="testHomePage" time="0.059" classname="testcases.VerifyHomePage">
    <failure type="java.lang.AssertionError" message="expected [true] but found [false]">
      <![CDATA[java.lang.AssertionError: expected [true] but found [false]
	at testcases.VerifyHomePage.testHomePage(VerifyHomePage.java:36)
... Removed 28 stack frames]]>
    </failure>
  </testcase> <!-- testHomePage -->
</testsuite> <!-- SmokeScenario -->
